2023-02-15 17:27:36,955 [main] INFO  c.l.b.c.CurrencyjavaApplication                    - Starting CurrencyjavaApplication using Java 17.0.5 with PID 3804 (C:\Users\Alan\Academic\University\Arquitectura\CurrencyApi\currencyjava\target\classes started by Alan in C:\Users\Alan\Academic\University\Arquitectura\CurrencyApi\currencyjava)
2023-02-15 17:27:36,961 [main] INFO  c.l.b.c.CurrencyjavaApplication                    - No active profile set, falling back to 1 default profile: "default"
2023-02-15 17:27:38,258 [main] INFO  o.s.b.w.embedded.tomcat.TomcatWebServer            - Tomcat initialized with port(s): 7777 (http)
2023-02-15 17:27:38,274 [main] INFO  o.apache.coyote.http11.Http11NioProtocol           - Initializing ProtocolHandler ["http-nio-7777"]
2023-02-15 17:27:38,276 [main] INFO  o.apache.catalina.core.StandardService             - Starting service [Tomcat]
2023-02-15 17:27:38,277 [main] INFO  org.apache.catalina.core.StandardEngine            - Starting Servlet engine: [Apache Tomcat/10.1.5]
2023-02-15 17:27:38,424 [main] INFO  o.a.c.c.C.[Tomcat].[localhost].[/]                 - Initializing Spring embedded WebApplicationContext
2023-02-15 17:27:38,424 [main] INFO  o.s.b.w.s.c.ServletWebServerApplicationContext     - Root WebApplicationContext: initialization completed in 1400 ms
2023-02-15 17:27:39,031 [main] INFO  o.apache.coyote.http11.Http11NioProtocol           - Starting ProtocolHandler ["http-nio-7777"]
2023-02-15 17:27:39,084 [main] INFO  o.s.b.w.embedded.tomcat.TomcatWebServer            - Tomcat started on port(s): 7777 (http) with context path ''
2023-02-15 17:27:39,096 [main] INFO  c.l.b.c.CurrencyjavaApplication                    - Started CurrencyjavaApplication in 2.608 seconds (process running for 3.208)
2023-02-15 17:28:51,348 [http-nio-7777-exec-1] INFO  o.a.c.c.C.[Tomcat].[localhost].[/]                 - Initializing Spring DispatcherServlet 'dispatcherServlet'
2023-02-15 17:28:51,349 [http-nio-7777-exec-1] INFO  o.s.web.servlet.DispatcherServlet                  - Initializing Servlet 'dispatcherServlet'
2023-02-15 17:28:51,350 [http-nio-7777-exec-1] INFO  o.s.web.servlet.DispatcherServlet                  - Completed initialization in 1 ms
2023-02-15 17:28:51,383 [http-nio-7777-exec-1] INFO  com.lan.bo.currencyjava.api.CurrencyApi            - Hi, Sam  debugg log
2023-02-15 17:28:51,386 [http-nio-7777-exec-1] INFO  com.lan.bo.currencyjava.api.CurrencyApi            - Dummy info message
2023-02-15 17:28:51,387 [http-nio-7777-exec-1] WARN  com.lan.bo.currencyjava.api.CurrencyApi            - Dummy warning message.
2023-02-15 17:28:51,387 [http-nio-7777-exec-1] ERROR com.lan.bo.currencyjava.api.CurrencyApi            - Dummy error message.
2023-02-15 17:38:50,108 [main] INFO  c.l.b.c.CurrencyjavaApplication                    - Starting CurrencyjavaApplication using Java 17.0.5 with PID 1572 (C:\Users\Alan\Academic\University\Arquitectura\CurrencyApi\currencyjava\target\classes started by Alan in C:\Users\Alan\Academic\University\Arquitectura\CurrencyApi\currencyjava)
2023-02-15 17:38:50,112 [main] INFO  c.l.b.c.CurrencyjavaApplication                    - No active profile set, falling back to 1 default profile: "default"
2023-02-15 17:38:51,200 [main] INFO  o.s.b.w.embedded.tomcat.TomcatWebServer            - Tomcat initialized with port(s): 7777 (http)
2023-02-15 17:38:51,212 [main] INFO  o.apache.coyote.http11.Http11NioProtocol           - Initializing ProtocolHandler ["http-nio-7777"]
2023-02-15 17:38:51,214 [main] INFO  o.apache.catalina.core.StandardService             - Starting service [Tomcat]
2023-02-15 17:38:51,215 [main] INFO  org.apache.catalina.core.StandardEngine            - Starting Servlet engine: [Apache Tomcat/10.1.5]
2023-02-15 17:38:51,314 [main] INFO  o.a.c.c.C.[Tomcat].[localhost].[/]                 - Initializing Spring embedded WebApplicationContext
2023-02-15 17:38:51,315 [main] INFO  o.s.b.w.s.c.ServletWebServerApplicationContext     - Root WebApplicationContext: initialization completed in 1121 ms
2023-02-15 17:38:51,723 [main] INFO  o.apache.coyote.http11.Http11NioProtocol           - Starting ProtocolHandler ["http-nio-7777"]
2023-02-15 17:38:51,748 [main] INFO  o.s.b.w.embedded.tomcat.TomcatWebServer            - Tomcat started on port(s): 7777 (http) with context path ''
2023-02-15 17:38:51,757 [main] INFO  c.l.b.c.CurrencyjavaApplication                    - Started CurrencyjavaApplication in 2.14 seconds (process running for 2.764)
2023-02-15 17:38:58,072 [http-nio-7777-exec-2] INFO  o.a.c.c.C.[Tomcat].[localhost].[/]                 - Initializing Spring DispatcherServlet 'dispatcherServlet'
2023-02-15 17:38:58,073 [http-nio-7777-exec-2] INFO  o.s.web.servlet.DispatcherServlet                  - Initializing Servlet 'dispatcherServlet'
2023-02-15 17:38:58,074 [http-nio-7777-exec-2] INFO  o.s.web.servlet.DispatcherServlet                  - Completed initialization in 0 ms
2023-02-15 17:38:58,106 [http-nio-7777-exec-2] INFO  com.lan.bo.currencyjava.api.CurrencyApi            - Hi, Sam  debugg log
2023-02-15 17:38:58,109 [http-nio-7777-exec-2] INFO  com.lan.bo.currencyjava.api.CurrencyApi            - Dummy info message
2023-02-15 17:38:58,109 [http-nio-7777-exec-2] WARN  com.lan.bo.currencyjava.api.CurrencyApi            - Dummy warning message.
2023-02-15 17:38:58,110 [http-nio-7777-exec-2] ERROR com.lan.bo.currencyjava.api.CurrencyApi            - Dummy error message.
